Removed Pin From Net: NetName=O1 Pin=U3-1
Removed Pin From Net: NetName=O4 Pin=U3-2
Removed Pin From Net: NetName=Y2 Pin=U3-5
Removed Pin From Net: NetName=O2 Pin=U3-10
Removed Pin From Net: NetName=Y3 Pin=U3-12
Removed Pin From Net: NetName=Y4 Pin=U3-13
Removed Pin From Net: NetName=Y5 Pin=U4-1
Removed Pin From Net: NetName=Y6 Pin=U4-2
Removed Pin From Net: NetName=Y8 Pin=U4-9
Removed Pin From Net: NetName=Y9 Pin=U4-10
Added Pin To Net: NetName=Y3 Pin=U3-1
Added Pin To Net: NetName=Y4 Pin=U3-2
Added Pin To Net: NetName=O2 Pin=U3-5
Added Pin To Net: NetName=Y2 Pin=U3-10
Added Pin To Net: NetName=O1 Pin=U3-12
Added Pin To Net: NetName=O4 Pin=U3-13
Added Pin To Net: NetName=Y8 Pin=U4-1
Added Pin To Net: NetName=Y9 Pin=U4-2
Added Pin To Net: NetName=Y5 Pin=U4-9
Added Pin To Net: NetName=Y6 Pin=U4-10
Add Class: Class already exists: Designator
Add Class: Class already exists: Designator
Add Class: Class already exists: Designator
